# JRE version: OpenJDK Runtime Environment Temurin-21.0.11+10 (21.0.11+10) (build 21.0.11+10-LTS)
# Java VM: OpenJDK 64-Bit Server VM Temurin-21.0.11+10 (21.0.11+10-LTS, mixed mode, sharing, tiered, compressed oops, compressed class ptrs, parallel gc, windows-amd64)
GC Precious Log:
 CardTable entry size: 512
 CPUs: 12 total, 12 available
 Memory: 15720M
 Large Page Support: Disabled
 NUMA Support: Disabled
 Compressed Oops: Enabled (32-bit)
 Alignments: Space 512K, Generation 512K, Heap 2M
 Heap Min Capacity: 100M
 Heap Initial Capacity: 100M
 Heap Max Capacity: 2G
 Pre-touch: Disabled
 Parallel Workers: 10
Heap:
 PSYoungGen      total 17408K, used 10384K [0x00000000d5580000, 0x00000000d6a80000, 0x0000000100000000)
  eden space 15872K, 55% used [0x00000000d5580000,0x00000000d5e2cb38,0x00000000d6500000)
  from space 1536K, 97% used [0x00000000d6700000,0x00000000d6877520,0x00000000d6880000)
  to   space 2048K, 0% used [0x00000000d6880000,0x00000000d6880000,0x00000000d6a80000)
 ParOldGen       total 90112K, used 89686K [0x0000000080000000, 0x0000000085800000, 0x00000000d5580000)
  object space 90112K, 99% used [0x0000000080000000,0x0000000085795a08,0x0000000085800000)
 Metaspace       used 71650K, committed 73408K, reserved 1114112K
  class space    used 7592K, committed 8384K, reserved 1048576K
GC Heap History (20 events):
Event: 39.408 GC heap before
{Heap before GC invocations=79 (full 3):
 PSYoungGen      total 18432K, used 18144K [0x00000000d5580000, 0x00000000d6880000, 0x0000000100000000)
  eden space 17408K, 100% used [0x00000000d5580000,0x00000000d6680000,0x00000000d6680000)
  from space 1024K, 71% used [0x00000000d6700000,0x00000000d67b8000,0x00000000d6800000)
  to   space 512K, 0% used [0x00000000d6800000,0x00000000d6800000,0x00000000d6880000)
 ParOldGen       total 69120K, used 69026K [0x0000000080000000, 0x0000000084380000, 0x00000000d5580000)
  object space 69120K, 99% used [0x0000000080000000,0x0000000084368b08,0x0000000084380000)
 Metaspace       used 70237K, committed 71872K, reserved 1114112K
  class space    used 7497K, committed 8192K, reserved 1048576K
}
Event: 39.414 GC heap after
{Heap after GC invocations=79 (full 3):
 PSYoungGen      total 16384K, used 508K [0x00000000d5580000, 0x00000000d6c80000, 0x0000000100000000)
  eden space 15872K, 0% used [0x00000000d5580000,0x00000000d5580000,0x00000000d6500000)
  from space 512K, 99% used [0x00000000d6800000,0x00000000d687f018,0x00000000d6880000)
  to   space 3072K, 0% used [0x00000000d6500000,0x00000000d6500000,0x00000000d6800000)
 ParOldGen       total 71680K, used 71235K [0x0000000080000000, 0x0000000084600000, 0x00000000d5580000)
  object space 71680K, 99% used [0x0000000080000000,0x0000000084590df8,0x0000000084600000)
 Metaspace       used 70237K, committed 71872K, reserved 1114112K
  class space    used 7497K, committed 8192K, reserved 1048576K
}
Event: 39.764 GC heap before
{Heap before GC invocations=80 (full 3):
 PSYoungGen      total 16384K, used 16380K [0x00000000d5580000, 0x00000000d6c80000, 0x0000000100000000)
  eden space 15872K, 100% used [0x00000000d5580000,0x00000000d6500000,0x00000000d6500000)
  from space 512K, 99% used [0x00000000d6800000,0x00000000d687f018,0x00000000d6880000)
  to   space 3072K, 0% used [0x00000000d6500000,0x00000000d6500000,0x00000000d6800000)
 ParOldGen       total 71680K, used 71235K [0x0000000080000000, 0x0000000084600000, 0x00000000d5580000)
  object space 71680K, 99% used [0x0000000080000000,0x0000000084590df8,0x0000000084600000)
 Metaspace       used 70533K, committed 72192K, reserved 1114112K
  class space    used 7524K, committed 8256K, reserved 1048576K
}
Event: 39.771 GC heap after
{Heap after GC invocations=80 (full 3):
 PSYoungGen      total 18944K, used 3062K [0x00000000d5580000, 0x00000000d7600000, 0x0000000100000000)
  eden space 15872K, 0% used [0x00000000d5580000,0x00000000d5580000,0x00000000d6500000)
  from space 3072K, 99% used [0x00000000d6500000,0x00000000d67fd9d0,0x00000000d6800000)
  to   space 8704K, 0% used [0x00000000d6d80000,0x00000000d6d80000,0x00000000d7600000)
 ParOldGen       total 76288K, used 75920K [0x0000000080000000, 0x0000000084a80000, 0x00000000d5580000)
  object space 76288K, 99% used [0x0000000080000000,0x0000000084a24108,0x0000000084a80000)
 Metaspace       used 70533K, committed 72192K, reserved 1114112K
  class space    used 7524K, committed 8256K, reserved 1048576K
}
Event: 40.074 GC heap before
{Heap before GC invocations=81 (full 3):
 PSYoungGen      total 18944K, used 18934K [0x00000000d5580000, 0x00000000d7600000, 0x0000000100000000)
  eden space 15872K, 100% used [0x00000000d5580000,0x00000000d6500000,0x00000000d6500000)
  from space 3072K, 99% used [0x00000000d6500000,0x00000000d67fd9d0,0x00000000d6800000)
  to   space 8704K, 0% used [0x00000000d6d80000,0x00000000d6d80000,0x00000000d7600000)
 ParOldGen       total 76288K, used 75920K [0x0000000080000000, 0x0000000084a80000, 0x00000000d5580000)
  object space 76288K, 99% used [0x0000000080000000,0x0000000084a24108,0x0000000084a80000)
 Metaspace       used 70586K, committed 72256K, reserved 1114112K
  class space    used 7525K, committed 8256K, reserved 1048576K
}
Event: 40.084 GC heap after
{Heap after GC invocations=81 (full 3):
 PSYoungGen      total 20992K, used 5111K [0x00000000d5580000, 0x00000000d7280000, 0x0000000100000000)
  eden space 15872K, 0% used [0x00000000d5580000,0x00000000d5580000,0x00000000d6500000)
  from space 5120K, 99% used [0x00000000d6d80000,0x00000000d727df60,0x00000000d7280000)
  to   space 6144K, 0% used [0x00000000d6680000,0x00000000d6680000,0x00000000d6c80000)
 ParOldGen       total 79360K, used 79022K [0x0000000080000000, 0x0000000084d80000, 0x00000000d5580000)
  object space 79360K, 99% used [0x0000000080000000,0x0000000084d2bae8,0x0000000084d80000)
 Metaspace       used 70586K, committed 72256K, reserved 1114112K
  class space    used 7525K, committed 8256K, reserved 1048576K
}
Event: 40.147 GC heap before
{Heap before GC invocations=82 (full 3):
 PSYoungGen      total 20992K, used 20983K [0x00000000d5580000, 0x00000000d7280000, 0x0000000100000000)
  eden space 15872K, 100% used [0x00000000d5580000,0x00000000d6500000,0x00000000d6500000)
  from space 5120K, 99% used [0x00000000d6d80000,0x00000000d727df60,0x00000000d7280000)
  to   space 6144K, 0% used [0x00000000d6680000,0x00000000d6680000,0x00000000d6c80000)
 ParOldGen       total 79360K, used 79022K [0x0000000080000000, 0x0000000084d80000, 0x00000000d5580000)
  object space 79360K, 99% used [0x0000000080000000,0x0000000084d2bae8,0x0000000084d80000)
 Metaspace       used 70587K, committed 72256K, reserved 1114112K
  class space    used 7525K, committed 8256K, reserved 1048576K
}
Event: 40.155 GC heap after
{Heap after GC invocations=82 (full 3):
 PSYoungGen      total 16896K, used 845K [0x00000000d5580000, 0x00000000d6e00000, 0x0000000100000000)
  eden space 15872K, 0% used [0x00000000d5580000,0x00000000d5580000,0x00000000d6500000)
  from space 1024K, 82% used [0x00000000d6680000,0x00000000d6753738,0x00000000d6780000)
  to   space 3072K, 0% used [0x00000000d6b00000,0x00000000d6b00000,0x00000000d6e00000)
 ParOldGen       total 83968K, used 83915K [0x0000000080000000, 0x0000000085200000, 0x00000000d5580000)
  object space 83968K, 99% used [0x0000000080000000,0x00000000851f2f70,0x0000000085200000)
 Metaspace       used 70587K, committed 72256K, reserved 1114112K
  class space    used 7525K, committed 8256K, reserved 1048576K
}
Event: 40.261 GC heap before
{Heap before GC invocations=83 (full 3):
 PSYoungGen      total 16896K, used 16717K [0x00000000d5580000, 0x00000000d6e00000, 0x0000000100000000)
  eden space 15872K, 100% used [0x00000000d5580000,0x00000000d6500000,0x00000000d6500000)
  from space 1024K, 82% used [0x00000000d6680000,0x00000000d6753738,0x00000000d6780000)
  to   space 3072K, 0% used [0x00000000d6b00000,0x00000000d6b00000,0x00000000d6e00000)
 ParOldGen       total 83968K, used 83915K [0x0000000080000000, 0x0000000085200000, 0x00000000d5580000)
  object space 83968K, 99% used [0x0000000080000000,0x00000000851f2f70,0x0000000085200000)
 Metaspace       used 70588K, committed 72256K, reserved 1114112K
  class space    used 7525K, committed 8256K, reserved 1048576K
}
Event: 40.264 GC heap after
{Heap after GC invocations=83 (full 3):
 PSYoungGen      total 16384K, used 352K [0x00000000d5580000, 0x00000000d6b80000, 0x0000000100000000)
  eden space 15872K, 0% used [0x00000000d5580000,0x00000000d5580000,0x00000000d6500000)
  from space 512K, 68% used [0x00000000d6b00000,0x00000000d6b58000,0x00000000d6b80000)
  to   space 1024K, 0% used [0x00000000d6980000,0x00000000d6980000,0x00000000d6a80000)
 ParOldGen       total 84480K, used 84470K [0x0000000080000000, 0x0000000085280000, 0x00000000d5580000)
  object space 84480K, 99% used [0x0000000080000000,0x000000008527dad0,0x0000000085280000)
 Metaspace       used 70588K, committed 72256K, reserved 1114112K
  class space    used 7525K, committed 8256K, reserved 1048576K
}
Event: 40.325 GC heap before
{Heap before GC invocations=84 (full 3):
 PSYoungGen      total 16384K, used 16224K [0x00000000d5580000, 0x00000000d6b80000, 0x0000000100000000)
  eden space 15872K, 100% used [0x00000000d5580000,0x00000000d6500000,0x00000000d6500000)
  from space 512K, 68% used [0x00000000d6b00000,0x00000000d6b58000,0x00000000d6b80000)
  to   space 1024K, 0% used [0x00000000d6980000,0x00000000d6980000,0x00000000d6a80000)
 ParOldGen       total 84480K, used 84470K [0x0000000080000000, 0x0000000085280000, 0x00000000d5580000)
  object space 84480K, 99% used [0x0000000080000000,0x000000008527dad0,0x0000000085280000)
 Metaspace       used 70593K, committed 72256K, reserved 1114112K
  class space    used 7525K, committed 8256K, reserved 1048576K
}
Event: 40.326 GC heap after
{Heap after GC invocations=84 (full 3):
 PSYoungGen      total 16896K, used 480K [0x00000000d5580000, 0x00000000d6b80000, 0x0000000100000000)
  eden space 15872K, 0% used [0x00000000d5580000,0x00000000d5580000,0x00000000d6500000)
  from space 1024K, 46% used [0x00000000d6980000,0x00000000d69f8000,0x00000000d6a80000)
  to   space 1024K, 0% used [0x00000000d6a80000,0x00000000d6a80000,0x00000000d6b80000)
 ParOldGen       total 84992K, used 84652K [0x0000000080000000, 0x0000000085300000, 0x00000000d5580000)
  object space 84992K, 99% used [0x0000000080000000,0x00000000852ab3b8,0x0000000085300000)
 Metaspace       used 70593K, committed 72256K, reserved 1114112K
  class space    used 7525K, committed 8256K, reserved 1048576K
}
Event: 106.486 GC heap before
{Heap before GC invocations=85 (full 3):
 PSYoungGen      total 16896K, used 16250K [0x00000000d5580000, 0x00000000d6b80000, 0x0000000100000000)
  eden space 15872K, 99% used [0x00000000d5580000,0x00000000d64e6800,0x00000000d6500000)
  from space 1024K, 46% used [0x00000000d6980000,0x00000000d69f8000,0x00000000d6a80000)
  to   space 1024K, 0% used [0x00000000d6a80000,0x00000000d6a80000,0x00000000d6b80000)
 ParOldGen       total 84992K, used 84652K [0x0000000080000000, 0x0000000085300000, 0x00000000d5580000)
  object space 84992K, 99% used [0x0000000080000000,0x00000000852ab3b8,0x0000000085300000)
 Metaspace       used 70927K, committed 72576K, reserved 1114112K
  class space    used 7549K, committed 8256K, reserved 1048576K
}
Event: 106.489 GC heap after
{Heap after GC invocations=85 (full 3):
 PSYoungGen      total 16896K, used 992K [0x00000000d5580000, 0x00000000d6b80000, 0x0000000100000000)
  eden space 15872K, 0% used [0x00000000d5580000,0x00000000d5580000,0x00000000d6500000)
  from space 1024K, 96% used [0x00000000d6a80000,0x00000000d6b78000,0x00000000d6b80000)
  to   space 1536K, 0% used [0x00000000d6880000,0x00000000d6880000,0x00000000d6a00000)
 ParOldGen       total 86016K, used 85570K [0x0000000080000000, 0x0000000085400000, 0x00000000d5580000)
  object space 86016K, 99% used [0x0000000080000000,0x00000000853908d8,0x0000000085400000)
 Metaspace       used 70927K, committed 72576K, reserved 1114112K
  class space    used 7549K, committed 8256K, reserved 1048576K
}
Event: 106.810 GC heap before
{Heap before GC invocations=86 (full 3):
 PSYoungGen      total 16896K, used 16864K [0x00000000d5580000, 0x00000000d6b80000, 0x0000000100000000)
  eden space 15872K, 100% used [0x00000000d5580000,0x00000000d6500000,0x00000000d6500000)
  from space 1024K, 96% used [0x00000000d6a80000,0x00000000d6b78000,0x00000000d6b80000)
  to   space 1536K, 0% used [0x00000000d6880000,0x00000000d6880000,0x00000000d6a00000)
 ParOldGen       total 86016K, used 85570K [0x0000000080000000, 0x0000000085400000, 0x00000000d5580000)
  object space 86016K, 99% used [0x0000000080000000,0x00000000853908d8,0x0000000085400000)
 Metaspace       used 71100K, committed 72832K, reserved 1114112K
  class space    used 7558K, committed 8320K, reserved 1048576K
}
Event: 106.814 GC heap after
{Heap after GC invocations=86 (full 3):
 PSYoungGen      total 17408K, used 1517K [0x00000000d5580000, 0x00000000d6d00000, 0x0000000100000000)
  eden space 15872K, 0% used [0x00000000d5580000,0x00000000d5580000,0x00000000d6500000)
  from space 1536K, 98% used [0x00000000d6880000,0x00000000d69fb550,0x00000000d6a00000)
  to   space 3072K, 0% used [0x00000000d6a00000,0x00000000d6a00000,0x00000000d6d00000)
 ParOldGen       total 87552K, used 87464K [0x0000000080000000, 0x0000000085580000, 0x00000000d5580000)
  object space 87552K, 99% used [0x0000000080000000,0x000000008556a218,0x0000000085580000)
 Metaspace       used 71100K, committed 72832K, reserved 1114112K
  class space    used 7558K, committed 8320K, reserved 1048576K
}
Event: 107.490 GC heap before
{Heap before GC invocations=87 (full 3):
 PSYoungGen      total 17408K, used 17389K [0x00000000d5580000, 0x00000000d6d00000, 0x0000000100000000)
  eden space 15872K, 100% used [0x00000000d5580000,0x00000000d6500000,0x00000000d6500000)
  from space 1536K, 98% used [0x00000000d6880000,0x00000000d69fb550,0x00000000d6a00000)
  to   space 3072K, 0% used [0x00000000d6a00000,0x00000000d6a00000,0x00000000d6d00000)
 ParOldGen       total 87552K, used 87464K [0x0000000080000000, 0x0000000085580000, 0x00000000d5580000)
  object space 87552K, 99% used [0x0000000080000000,0x000000008556a218,0x0000000085580000)
 Metaspace       used 71362K, committed 73024K, reserved 1114112K
  class space    used 7578K, committed 8320K, reserved 1048576K
}
Event: 107.495 GC heap after
{Heap after GC invocations=87 (full 3):
 PSYoungGen      total 17920K, used 1536K [0x00000000d5580000, 0x00000000d6c00000, 0x0000000100000000)
  eden space 15872K, 0% used [0x00000000d5580000,0x00000000d5580000,0x00000000d6500000)
  from space 2048K, 75% used [0x00000000d6a00000,0x00000000d6b80040,0x00000000d6c00000)
  to   space 2560K, 0% used [0x00000000d6700000,0x00000000d6700000,0x00000000d6980000)
 ParOldGen       total 89600K, used 89022K [0x0000000080000000, 0x0000000085780000, 0x00000000d5580000)
  object space 89600K, 99% used [0x0000000080000000,0x00000000856ef9b8,0x0000000085780000)
 Metaspace       used 71362K, committed 73024K, reserved 1114112K
  class space    used 7578K, committed 8320K, reserved 1048576K
}
Event: 108.666 GC heap before
{Heap before GC invocations=88 (full 3):
 PSYoungGen      total 17920K, used 17408K [0x00000000d5580000, 0x00000000d6c00000, 0x0000000100000000)
  eden space 15872K, 99% used [0x00000000d5580000,0x00000000d64ffff8,0x00000000d6500000)
  from space 2048K, 75% used [0x00000000d6a00000,0x00000000d6b80040,0x00000000d6c00000)
  to   space 2560K, 0% used [0x00000000d6700000,0x00000000d6700000,0x00000000d6980000)
 ParOldGen       total 89600K, used 89022K [0x0000000080000000, 0x0000000085780000, 0x00000000d5580000)
  object space 89600K, 99% used [0x0000000080000000,0x00000000856ef9b8,0x0000000085780000)
 Metaspace       used 71595K, committed 73280K, reserved 1114112K
  class space    used 7591K, committed 8320K, reserved 1048576K
}
Event: 108.669 GC heap after
{Heap after GC invocations=88 (full 3):
 PSYoungGen      total 17408K, used 1501K [0x00000000d5580000, 0x00000000d6a80000, 0x0000000100000000)
  eden space 15872K, 0% used [0x00000000d5580000,0x00000000d5580000,0x00000000d6500000)
  from space 1536K, 97% used [0x00000000d6700000,0x00000000d6877520,0x00000000d6880000)
  to   space 2048K, 0% used [0x00000000d6880000,0x00000000d6880000,0x00000000d6a80000)
 ParOldGen       total 90112K, used 89686K [0x0000000080000000, 0x0000000085800000, 0x00000000d5580000)
  object space 90112K, 99% used [0x0000000080000000,0x0000000085795a08,0x0000000085800000)
 Metaspace       used 71595K, committed 73280K, reserved 1114112K
  class space    used 7591K, committed 8320K, reserved 1048576K
}

